[    0.000000] Linux version 4.15.0-135-generic (buildd@lgw01-amd64-005) (gcc version 7.5.0 (Ubuntu 7.5.0-3ubuntu1~18.04)) #139-Ubuntu SMP Mon Jan 18 17:38:24 UTC 2021 (Ubuntu 4.15.0-135.139-generic 4.15.18)
[    0.000000] Command line: BOOT_IMAGE=/boot/vmlinuz-4.15.0-135-generic root=LABEL=cloudimg-rootfs ro console=tty1 console=ttyS0
[    0.000000] KERNEL supported cpus:
[    0.000000]   Intel GenuineIntel
[    0.000000]   AMD AuthenticAMD
[    0.000000]   Centaur CentaurHauls
[    0.000000] [Firmware Bug]: TSC doesn't count with P0 frequency!
[    0.000000] x86/fpu: Supporting XSAVE feature 0x001: 'x87 floating point registers'
[    0.000000] x86/fpu: Supporting XSAVE feature 0x002: 'SSE registers'
[    0.000000] x86/fpu: Supporting XSAVE feature 0x004: 'AVX registers'
[    0.000000] x86/fpu: xstate_offset[2]:  576, xstate_sizes[2]:  256
[    0.000000] x86/fpu: Enabled xstate features 0x7, context size is 832 bytes, using 'standard' format.
[    0.000000] e820: BIOS-provided physical RAM map:
[    0.000000] BIOS-e820: [mem 0x0000000000000000-0x000000000009fbff] usable
[    0.000000] BIOS-e820: [mem 0x000000000009fc00-0x000000000009ffff] reserved
[    0.000000] BIOS-e820: [mem 0x00000000000f0000-0x00000000000fffff] reserved
[    0.000000] BIOS-e820: [mem 0x0000000000100000-0x000000003ffeffff] usable
[    0.000000] BIOS-e820: [mem 0x000000003fff0000-0x000000003fffffff] ACPI data
[    0.000000] BIOS-e820: [mem 0x00000000fec00000-0x00000000fec00fff] reserved
[    0.000000] BIOS-e820: [mem 0x00000000fee00000-0x00000000fee00fff] reserved
[    0.000000] BIOS-e820: [mem 0x00000000fffc0000-0x00000000ffffffff] reserved
[    0.000000] NX (Execute Disable) protection: active
[    0.000000] SMBIOS 2.5 present.
[    0.000000] DMI: innotek GmbH VirtualBox/VirtualBox, BIOS VirtualBox 12/01/2006
[    0.000000] Hypervisor detected: KVM
[    0.000000] e820: last_pfn = 0x3fff0 max_arch_pfn = 0x400000000
[    0.000000] MTRR: Disabled
[    0.000000] x86/PAT: MTRRs disabled, skipping PAT initialization too.
[    0.000000] CPU MTRRs all blank - virtualized system.
[    0.000000] x86/PAT: Configuration [0-7]: WB  WT  UC- UC  WB  WT  UC- UC  
[    0.000000] found SMP MP-table at [mem 0x0009fff0-0x0009ffff]
[    0.000000] Scanning 1 areas for low memory corruption
[    0.000000] RAMDISK: [mem 0x35a63000-0x36d28fff]
[    0.000000] ACPI: Early table checksum verification disabled
[    0.000000] ACPI: RSDP 0x00000000000E0000 000024 (v02 VBOX  )
[    0.000000] ACPI: XSDT 0x000000003FFF0030 00003C (v01 VBOX   VBOXXSDT 00000001 ASL  00000061)
[    0.000000] ACPI: FACP 0x000000003FFF00F0 0000F4 (v04 VBOX   VBOXFACP 00000001 ASL  00000061)
[    0.000000] ACPI: DSDT 0x000000003FFF0470 0022EA (v02 VBOX   VBOXBIOS 00000002 INTL 20100528)
[    0.000000] ACPI: FACS 0x000000003FFF0200 000040
[    0.000000] ACPI: FACS 0x000000003FFF0200 000040
[    0.000000] ACPI: APIC 0x000000003FFF0240 00005C (v02 VBOX   VBOXAPIC 00000001 ASL  00000061)
[    0.000000] ACPI: SSDT 0x000000003FFF02A0 0001CC (v01 VBOX   VBOXCPUT 00000002 INTL 20100528)
[    0.000000] No NUMA configuration found
[    0.000000] Faking a node at [mem 0x0000000000000000-0x000000003ffeffff]
[    0.000000] NODE_DATA(0) allocated [mem 0x3ffc5000-0x3ffeffff]
[    0.000000] kvm-clock: cpu 0, msr 0:3ff44001, primary cpu clock
[    0.000000] kvm-clock: Using msrs 4b564d01 and 4b564d00
[    0.000000] kvm-clock: using sched offset of 4864632533 cycles
[    0.000000] clocksource: kvm-clock: mask: 0xffffffffffffffff max_cycles: 0x1cd42e4dffb, max_idle_ns: 881590591483 ns
[    0.000000] Zone ranges:
[    0.000000]   DMA      [mem 0x0000000000001000-0x0000000000ffffff]
[    0.000000]   DMA32    [mem 0x0000000001000000-0x000000003ffeffff]
[    0.000000]   Normal   empty
[    0.000000]   Device   empty
[    0.000000] Movable zone start for each node
[    0.000000] Early memory node ranges
[    0.000000]   node   0: [mem 0x0000000000001000-0x000000000009efff]
[    0.000000]   node   0: [mem 0x0000000000100000-0x000000003ffeffff]
[    0.000000] Reserved but unavailable: 98 pages
[    0.000000] Initmem setup node 0 [mem 0x0000000000001000-0x000000003ffeffff]
[    0.000000] ACPI: PM-Timer IO Port: 0x4008
[    0.000000] IOAPIC[0]: apic_id 2, version 32, address 0xfec00000, GSI 0-23
[    0.000000] ACPI: INT_SRC_OVR (bus 0 bus_irq 0 global_irq 2 dfl dfl)
[    0.000000] ACPI: INT_SRC_OVR (bus 0 bus_irq 9 global_irq 9 low level)
[    0.000000] Using ACPI (MADT) for SMP configuration information
[    0.000000] smpboot: Allowing 2 CPUs, 0 hotplug CPUs
[    0.000000] PM: Registered nosave memory: [mem 0x00000000-0x00000fff]
[    0.000000] PM: Registered nosave memory: [mem 0x0009f000-0x0009ffff]
[    0.000000] PM: Registered nosave memory: [mem 0x000a0000-0x000effff]
[    0.000000] PM: Registered nosave memory: [mem 0x000f0000-0x000fffff]
[    0.000000] e820: [mem 0x40000000-0xfebfffff] available for PCI devices
[    0.000000] Booting paravirtualized kernel on KVM
[    0.000000] clocksource: refined-jiffies: mask: 0xffffffff max_cycles: 0xffffffff, max_idle_ns: 7645519600211568 ns
[    0.000000] random: get_random_bytes called from start_kernel+0x99/0x500 with crng_init=0
[    0.000000] setup_percpu: NR_CPUS:8192 nr_cpumask_bits:2 nr_cpu_ids:2 nr_node_ids:1
[    0.000000] percpu: Embedded 45 pages/cpu s147456 r8192 d28672 u1048576
[    0.000000] PV qspinlock hash table entries: 256 (order: 0, 4096 bytes)
[    0.000000] Built 1 zonelists, mobility grouping on.  Total pages: 257913
[    0.000000] Policy zone: DMA32
[    0.000000] Kernel command line: BOOT_IMAGE=/boot/vmlinuz-4.15.0-135-generic root=LABEL=cloudimg-rootfs ro console=tty1 console=ttyS0
[    0.000000] Memory: 983020K/1048120K available (12300K kernel code, 2482K rwdata, 4276K rodata, 2440K init, 2724K bss, 65100K reserved, 0K cma-reserved)
[    0.000000] SLUB: HWalign=64, Order=0-3, MinObjects=0, CPUs=2, Nodes=1
[    0.000000] ftrace: allocating 39422 entries in 154 pages
[    0.004000] Hierarchical RCU implementation.
[    0.004000] 	RCU restricting CPUs from NR_CPUS=8192 to nr_cpu_ids=2.
[    0.004000] 	Tasks RCU enabled.
[    0.004000] RCU: Adjusting geometry for rcu_fanout_leaf=16, nr_cpu_ids=2
[    0.004000] NR_IRQS: 524544, nr_irqs: 440, preallocated irqs: 16
[    0.004000] Console: colour VGA+ 80x25
[    0.004000] console [tty1] enabled
[    0.004000] console [ttyS0] enabled
[    0.004000] ACPI: Core revision 20170831
[    0.004000] ACPI: 2 ACPI AML tables successfully acquired and loaded
[    0.004000] APIC: Switch to symmetric I/O mode setup
[    0.004000] x2apic enabled
[    0.004000] Switched APIC routing to physical x2apic.
[    0.006563] ..TIMER: vector=0x30 apic1=0 pin1=2 apic2=-1 pin2=-1
[    0.008006] tsc: Detected 2295.670 MHz processor
[    0.009617] Calibrating delay loop (skipped) preset value.. 4591.34 BogoMIPS (lpj=9182680)
[    0.012005] pid_max: default: 32768 minimum: 301
[    0.013705] Security Framework initialized
[    0.016006] Yama: becoming mindful.
[    0.017373] AppArmor: AppArmor initialized
[    0.020081] Dentry cache hash table entries: 131072 (order: 8, 1048576 bytes)
[    0.024154] Inode-cache hash table entries: 65536 (order: 7, 524288 bytes)
[    0.028029] Mount-cache hash table entries: 2048 (order: 2, 16384 bytes)
[    0.030317] Mountpoint-cache hash table entries: 2048 (order: 2, 16384 bytes)
[    0.032642] Last level iTLB entries: 4KB 1024, 2MB 1024, 4MB 512
[    0.034681] Last level dTLB entries: 4KB 1536, 2MB 1536, 4MB 768, 1GB 0
[    0.036006] Spectre V1 : Mitigation: usercopy/swapgs barriers and __user pointer sanitization
[    0.040005] Spectre V2 : Spectre mitigation: LFENCE not serializing, switching to generic retpoline
[    0.044003] Spectre V2 : Mitigation: Full generic retpoline
[    0.045898] Spectre V2 : Spectre v2 / SpectreRSB mitigation: Filling RSB on context switch
[    0.048006] Speculative Store Bypass: Mitigation: Speculative Store Bypass disabled via prctl and seccomp
[    0.052368] Freeing SMP alternatives memory: 36K
[    0.166854] smpboot: CPU0: AMD Ryzen 7 3750H with Radeon Vega Mobile Gfx (family: 0x17, model: 0x18, stepping: 0x1)
[    0.168000] Performance Events: PMU not available due to virtualization, using software events only.
[    0.168097] Hierarchical SRCU implementation.
[    0.175026] NMI watchdog: Perf event create on CPU 0 failed with -2
[    0.176005] NMI watchdog: Perf NMI watchdog permanently disabled
[    0.178172] smp: Bringing up secondary CPUs ...
[    0.180198] x86: Booting SMP configuration:
[    0.181854] .... node  #0, CPUs:      #1
[    0.004000] kvm-clock: cpu 1, msr 0:3ff44041, secondary cpu clock
[    0.188062] smp: Brought up 1 node, 2 CPUs
[    0.189521] smpboot: Max logical packages: 1
[    0.191080] smpboot: Total of 2 processors activated (9182.68 BogoMIPS)
[    0.192237] devtmpfs: initialized
[    0.193386] x86/mm: Memory block size: 128MB
[    0.196298] evm: security.selinux
[    0.197553] evm: security.SMACK64
[    0.198809] evm: security.SMACK64EXEC
[    0.200006] evm: security.SMACK64TRANSMUTE
[    0.201575] evm: security.SMACK64MMAP
[    0.204006] evm: security.apparmor
[    0.205268] evm: security.ima
[    0.206488] evm: security.capability
[    0.208213] clocksource: jiffies: mask: 0xffffffff max_cycles: 0xffffffff, max_idle_ns: 7645041785100000 ns
[    0.211349] futex hash table entries: 512 (order: 3, 32768 bytes)
[    0.216088] pinctrl core: initialized pinctrl subsystem
[    0.220276] RTC time:  6:41:14, date: 02/18/21
[    0.222372] NET: Registered protocol family 16
[    0.224200] audit: initializing netlink subsys (disabled)
[    0.226064] audit: type=2000 audit(1613630481.161:1): state=initialized audit_enabled=0 res=1
[    0.228021] cpuidle: using governor ladder
[    0.232050] cpuidle: using governor menu
[    0.233999] ACPI: bus type PCI registered
[    0.233999] acpiphp: ACPI Hot Plug PCI Controller Driver version: 0.5
[    0.236209] PCI: Using configuration type 1 for base access
[    0.240005] PCI: Using configuration type 1 for extended access
[    0.244119] HugeTLB registered 2.00 MiB page size, pre-allocated 0 pages
[    0.248205] ACPI: Added _OSI(Module Device)
[    0.249823] ACPI: Added _OSI(Processor Device)
[    0.252007] ACPI: Added _OSI(3.0 _SCP Extensions)
[    0.253644] ACPI: Added _OSI(Processor Aggregator Device)
[    0.256006] ACPI: Added _OSI(Linux-Dell-Video)
[    0.257595] ACPI: Added _OSI(Linux-Lenovo-NV-HDMI-Audio)
[    0.259486] ACPI: Added _OSI(Linux-HPI-Hybrid-Graphics)
[    0.260622] ACPI: Executed 1 blocks of module-level executable AML code
[    0.271517] ACPI: Interpreter enabled
[    0.272031] ACPI: (supports S0 S5)
[    0.273369] ACPI: Using IOAPIC for interrupt routing
[    0.276529] PCI: Using host bridge windows from ACPI; if necessary, use "pci=nocrs" and report a bug
[    0.280343] ACPI: Enabled 2 GPEs in block 00 to 07
[    0.295131] ACPI: PCI Root Bridge [PCI0] (domain 0000 [bus 00-ff])
[    0.296018] acpi PNP0A03:00: _OSC: OS supports [ExtendedConfig ASPM ClockPM Segments MSI]
[    0.302303] acpi PNP0A03:00: _OSC: platform does not support [PCIeCapability]
[    0.305110] acpi PNP0A03:00: _OSC: not requesting control; platform does not support [PCIeCapability]
[    0.308012] acpi PNP0A03:00: _OSC: OS requested [PCIeHotplug PME AER PCIeCapability]
[    0.312006] acpi PNP0A03:00: _OSC: platform willing to grant [PCIeHotplug PME AER]
[    0.314651] acpi PNP0A03:00: _OSC failed (AE_SUPPORT); disabling ASPM
[    0.316814] PCI host bridge to bus 0000:00
[    0.320014] pci_bus 0000:00: root bus resource [io  0x0000-0x0cf7 window]
[    0.322323] pci_bus 0000:00: root bus resource [io  0x0d00-0xffff window]
[    0.324009] pci_bus 0000:00: root bus resource [mem 0x000a0000-0x000bffff window]
[    0.328012] pci_bus 0000:00: root bus resource [mem 0x40000000-0xfdffffff window]
[    0.330572] pci_bus 0000:00: root bus resource [bus 00-ff]
[    0.337024] pci 0000:00:01.1: legacy IDE quirk: reg 0x10: [io  0x01f0-0x01f7]
[    0.339458] pci 0000:00:01.1: legacy IDE quirk: reg 0x14: [io  0x03f6]
[    0.340007] pci 0000:00:01.1: legacy IDE quirk: reg 0x18: [io  0x0170-0x0177]
[    0.344005] pci 0000:00:01.1: legacy IDE quirk: reg 0x1c: [io  0x0376]
[    0.375698] pci 0000:00:07.0: quirk: [io  0x4000-0x403f] claimed by PIIX4 ACPI
[    0.376031] pci 0000:00:07.0: quirk: [io  0x4100-0x410f] claimed by PIIX4 SMB
[    0.393801] ACPI: PCI Interrupt Link [LNKA] (IRQs 5 9 10 *11)
[    0.396713] ACPI: PCI Interrupt Link [LNKB] (IRQs 5 9 *10 11)
[    0.398931] ACPI: PCI Interrupt Link [LNKC] (IRQs 5 *9 10 11)
[    0.400256] ACPI: PCI Interrupt Link [LNKD] (IRQs 5 9 10 *11)
[    0.404397] SCSI subsystem initialized
[    0.405927] pci 0000:00:02.0: vgaarb: setting as boot VGA device
[    0.406073] pci 0000:00:02.0: vgaarb: VGA device added: decodes=io+mem,owns=io+mem,locks=none
[    0.408009] pci 0000:00:02.0: vgaarb: bridge control possible
[    0.412005] vgaarb: loaded
[    0.413099] ACPI: bus type USB registered
[    0.414583] usbcore: registered new interface driver usbfs
[    0.416025] usbcore: registered new interface driver hub
[    0.417867] usbcore: registered new device driver usb
[    0.420113] EDAC MC: Ver: 3.0.0
[    0.424161] PCI: Using ACPI for IRQ routing
[    0.426184] NetLabel: Initializing
[    0.427553] NetLabel:  domain hash size = 128
[    0.428007] NetLabel:  protocols = UNLABELED CIPSOv4 CALIPSO
[    0.430110] NetLabel:  unlabeled traffic allowed by default
[    0.432204] clocksource: Switched to clocksource kvm-clock
[    0.481123] VFS: Disk quotas dquot_6.6.0
[    0.482758] VFS: Dquot-cache hash table entries: 512 (order 0, 4096 bytes)
[    0.485089] AppArmor: AppArmor Filesystem Enabled
[    0.485089] pnp: PnP ACPI init
[    0.485089] pnp: PnP ACPI: found 3 devices
[    0.506982] clocksource: acpi_pm: mask: 0xffffff max_cycles: 0xffffff, max_idle_ns: 2085701024 ns
[    0.508556] NET: Registered protocol family 2
[    0.520188] TCP established hash table entries: 8192 (order: 4, 65536 bytes)
[    0.522923] TCP bind hash table entries: 8192 (order: 5, 131072 bytes)
[    0.524116] TCP: Hash tables configured (established 8192 bind 8192)
[    0.524116] UDP hash table entries: 512 (order: 2, 16384 bytes)
[    0.524116] UDP-Lite hash table entries: 512 (order: 2, 16384 bytes)
[    0.524116] NET: Registered protocol family 1
[    0.524116] pci 0000:00:00.0: Limiting direct PCI/PCI transfers
[    0.524116] pci 0000:00:01.0: Activating ISA DMA hang workarounds
[    0.524116] pci 0000:00:02.0: Video device with shadowed ROM at [mem 0x000c0000-0x000dffff]
[    0.524116] Unpacking initramfs...
[    1.344791] Freeing initrd memory: 19224K
[    1.347371] clocksource: tsc: mask: 0xffffffffffffffff max_cycles: 0x21173ab829c, max_idle_ns: 440795202126 ns
[    1.352111] platform rtc_cmos: registered platform RTC device (no PNP device found)
[    1.355444] Scanning for low memory corruption every 60 seconds
[    1.359456] Initialise system trusted keyrings
[    1.361506] Key type blacklist registered
[    1.363518] workingset: timestamp_bits=36 max_order=18 bucket_order=0
[    1.368581] zbud: loaded
[    1.371297] squashfs: version 4.0 (2009/01/31) Phillip Lougher
[    1.374568] fuse init (API version 7.26)
[    1.387951] Key type asymmetric registered
[    1.389160] Asymmetric key parser 'x509' registered
[    1.390543] Block layer SCSI generic (bsg) driver version 0.4 loaded (major 246)
[    1.392843] io scheduler noop registered
[    1.393970] io scheduler deadline registered
[    1.395227] io scheduler cfq registered (default)
[    1.397164] ACPI: AC Adapter [AC] (off-line)
[    1.398404] input: Power Button as /devices/LNXSYSTM:00/LNXPWRBN:00/input/input0
[    1.400537] ACPI: Power Button [PWRF]
[    1.401715] input: Sleep Button as /devices/LNXSYSTM:00/LNXSLPBN:00/input/input1
[    1.403690] ACPI: Sleep Button [SLPF]
[    1.407418] ACPI: Battery Slot [BAT0] (battery present)
[    1.409940] Serial: 8250/16550 driver, 32 ports, IRQ sharing enabled
[    1.434483] 00:02: ttyS0 at I/O 0x3f8 (irq = 4, base_baud = 115200) is a 16550A
[    1.449831] Linux agpgart interface v0.103
[    1.456198] loop: module loaded
[    1.459075] scsi host0: ata_piix
[    1.460758] scsi host1: ata_piix
[    1.462298] ata1: PATA max UDMA/33 cmd 0x1f0 ctl 0x3f6 bmdma 0xd000 irq 14
[    1.465047] ata2: PATA max UDMA/33 cmd 0x170 ctl 0x376 bmdma 0xd008 irq 15
[    1.468695] libphy: Fixed MDIO Bus: probed
[    1.470451] tun: Universal TUN/TAP device driver, 1.6
[    1.472786] PPP generic driver version 2.4.2
[    1.474901] ehci_hcd: USB 2.0 'Enhanced' Host Controller (EHCI) Driver
[    1.477598] ehci-pci: EHCI PCI platform driver
[    1.479447] ehci-platform: EHCI generic platform driver
[    1.481588] ohci_hcd: USB 1.1 'Open' Host Controller (OHCI) Driver
[    1.484014] ohci-pci: OHCI PCI platform driver
[    1.485944] ohci-platform: OHCI generic platform driver
[    1.488130] uhci_hcd: USB Universal Host Controller Interface driver
[    1.490875] i8042: PNP: PS/2 Controller [PNP0303:PS2K,PNP0f03:PS2M] at 0x60,0x64 irq 1,12
[    1.495168] serio: i8042 KBD port at 0x60,0x64 irq 1
[    1.497479] serio: i8042 AUX port at 0x60,0x64 irq 12
[    1.499452] mousedev: PS/2 mouse device common for all mice
[    1.502487] rtc_cmos rtc_cmos: rtc core: registered rtc_cmos as rtc0
[    1.504282] rtc_cmos rtc_cmos: alarms up to one day, 114 bytes nvram
[    1.506127] input: AT Translated Set 2 keyboard as /devices/platform/i8042/serio0/input/input2
[    1.508588] i2c /dev entries driver
[    1.509958] device-mapper: uevent: version 1.0.3
[    1.511403] device-mapper: ioctl: 4.37.0-ioctl (2017-09-20) initialised: dm-devel@redhat.com
[    1.513929] ledtrig-cpu: registered to indicate activity on CPUs
[    1.516981] NET: Registered protocol family 10
[    1.527702] Segment Routing with IPv6
[    1.528879] NET: Registered protocol family 17
[    1.530406] Key type dns_resolver registered
[    1.532158] mce: Using 0 MCE banks
[    1.533172] RAS: Correctable Errors collector initialized.
[    1.534658] sched_clock: Marking stable (1532061198, 0)->(1939142324, -407081126)
[    1.538169] registered taskstats version 1
[    1.539330] Loading compiled-in X.509 certificates
[    1.545529] Loaded X.509 cert 'Build time autogenerated kernel key: 399a566a2ea98257ce6f7132c633527e9761cd56'
[    1.548289] zswap: loaded using pool lzo/zbud
[    1.557846] Key type big_key registered
[    1.559542] Key type trusted registered
[    1.564869] Key type encrypted registered
[    1.566870] AppArmor: AppArmor sha1 policy hashing enabled
[    1.568522] ima: No TPM chip found, activating TPM-bypass! (rc=-19)
[    1.570242] ima: Allocated hash algorithm: sha1
[    1.571493] evm: HMAC attrs: 0x1
[    1.572845]   Magic number: 9:95:671
[    1.574233] rtc_cmos rtc_cmos: setting system clock to 2021-02-18 06:41:15 UTC (1613630475)
[    1.576902] BIOS EDD facility v0.16 2004-Jun-25, 0 devices found
[    1.579161] EDD information not available.
[    1.634348] Freeing unused kernel image memory: 2440K
[    1.644233] Write protecting the kernel read-only data: 20480k
[    1.647603] Freeing unused kernel image memory: 2008K
[    1.650173] Freeing unused kernel image memory: 1868K
[    1.667915] x86/mm: Checked W+X mappings: passed, no W+X pages found.
Loading, please wait...
starting version 237
[    1.795224] Fusion MPT base driver 3.04.20
[    1.795230] e1000: Intel(R) PRO/1000 Network Driver - version 7.3.21-k8-NAPI
[    1.797234] Copyright (c) 1999-2008 LSI Corporation
[    1.800231] e1000: Copyright (c) 1999-2006 Intel Corporation.
[    1.835731] Fusion MPT SPI Host driver 3.04.20
[    1.841990] AVX2 version of gcm_enc/dec engaged.
[    1.843435] AES CTR mode by8 optimization enabled
[    2.023927] input: ImExPS/2 Generic Explorer Mouse as /devices/platform/i8042/serio1/input/input4
[    2.301397] e1000 0000:00:03.0 eth0: (PCI:33MHz:32-bit) 02:54:31:68:18:3c
[    2.304063] e1000 0000:00:03.0 eth0: Intel(R) PRO/1000 Network Connection
[    2.309678] mptbase: ioc0: Initiating bringup
[    2.310874] e1000 0000:00:03.0 enp0s3: renamed from eth0
[    2.692891] ioc0: LSI53C1030 A0: Capabilities={Initiator}
[    3.740689] scsi host2: ioc0: LSI53C1030 A0, FwRev=00000000h, Ports=1, MaxQ=256, IRQ=20
[    3.914185] scsi 2:0:0:0: Direct-Access     VBOX     HARDDISK         1.0  PQ: 0 ANSI: 5
[    4.160507] scsi target2:0:0: Beginning Domain Validation
[    4.164694] scsi target2:0:0: Domain Validation skipping write tests
[    4.168864] scsi target2:0:0: Ending Domain Validation
[    4.171644] scsi target2:0:0: asynchronous
[    4.174350] scsi 2:0:1:0: Direct-Access     VBOX     HARDDISK         1.0  PQ: 0 ANSI: 5
[    4.450900] scsi target2:0:1: Beginning Domain Validation
[    4.454556] random: fast init done
[    4.456978] scsi target2:0:1: Domain Validation skipping write tests
[    4.459444] scsi target2:0:1: Ending Domain Validation
[    4.461583] scsi target2:0:1: asynchronous
[    4.471428] random: systemd-udevd: uninitialized urandom read (16 bytes read)
[    4.471670] sd 2:0:0:0: Attached scsi generic sg0 type 0
[    4.477380] random: systemd-udevd: uninitialized urandom read (16 bytes read)
[    4.484472] sd 2:0:1:0: Attached scsi generic sg1 type 0
[    4.484966] random: systemd-udevd: uninitialized urandom read (16 bytes read)
[    4.492819] sd 2:0:0:0: [sda] 83886080 512-byte logical blocks: (42.9 GB/40.0 GiB)
[    4.497783] sd 2:0:1:0: [sdb] 20480 512-byte logical blocks: (10.5 MB/10.0 MiB)
[    4.497814] sd 2:0:0:0: [sda] Write Protect is off
[    4.507253] sd 2:0:1:0: [sdb] Write Protect is off
[    4.507449] sd 2:0:0:0: [sda] Incomplete mode parameter data
[    4.515717] sd 2:0:0:0: [sda] Assuming drive cache: write through
[    4.518621] sd 2:0:1:0: [sdb] Incomplete mode parameter data
[    4.522307] sd 2:0:1:0: [sdb] Assuming drive cache: write through
[    4.524530]  sda: sda1
[    4.529349] sd 2:0:0:0: [sda] Attached SCSI disk
[    4.533849] sd 2:0:1:0: [sdb] Attached SCSI disk
Begin: Loading essential drivers ... [    6.588029] raid6: sse2x1   gen()  2569 MB/s
[    6.636947] raid6: sse2x1   xor()  3431 MB/s
[    6.684946] raid6: sse2x2   gen()  7070 MB/s
[    6.732020] raid6: sse2x2   xor()  4031 MB/s
[    6.780060] raid6: sse2x4   gen()  6660 MB/s
[    6.828100] raid6: sse2x4   xor()  3386 MB/s
[    6.882326] raid6: avx2x1   gen()  4321 MB/s
[    6.932043] raid6: avx2x1   xor()  3465 MB/s
[    6.980841] raid6: avx2x2   gen()  8079 MB/s
[    7.028038] raid6: avx2x2   xor()  5325 MB/s
[    7.076095] raid6: avx2x4   gen()  8497 MB/s
[    7.124074] raid6: avx2x4   xor()  4700 MB/s
[    7.126082] raid6: using algorithm avx2x4 gen() 8497 MB/s
[    7.128502] raid6: .... xor() 4700 MB/s, rmw enabled
[    7.130866] raid6: using avx2x2 recovery algorithm
[    7.140261] xor: automatically using best checksumming function   avx       
[    7.146834] async_tx: api initialized (async)
done.
Begin: Running /scripts/init-premount ... done.
Begin: Mounting root file system ... Begin: Running /scripts/local-top ... done.
Begin: Running /scripts/local-premount ... [    7.254736] Btrfs loaded, crc32c=crc32c-intel
Scanning for Btrfs filesystems
done.
Warning: fsck not present, so skipping root file system
[    7.313234] EXT4-fs (sda1): mounted filesystem with ordered data mode. Opts: (null)
done.
Begin: Running /scripts/local-bottom ... done.
Begin: Running /scripts/init-bottom ... done.
[    7.571265] ip_tables: (C) 2000-2006 Netfilter Core Team
[    7.591013] systemd[1]: systemd 237 running in system mode. (+PAM +AUDIT +SELINUX +IMA +APPARMOR +SMACK +SYSVINIT +UTMP +LIBCRYPTSETUP +GCRYPT +GNUTLS +ACL +XZ +LZ4 +SECCOMP +BLKID +ELFUTILS +KMOD -IDN2 +IDN -PCRE2 default-hierarchy=hybrid)
[    7.598690] systemd[1]: Detected virtualization oracle.
[    7.600877] systemd[1]: Detected architecture x86-64.

Welcome to [1mUbuntu 18.04.5 LTS[0m!

[    7.614978] systemd[1]: Set hostname to <ubuntu>.
[    7.623964] systemd[1]: Initializing machine ID from random generator.
[    7.626412] systemd[1]: Installed transient /etc/machine-id file.
[    8.036877] systemd[1]: Created slice User and Session Slice.
[[0;32m  OK  [0m] Created slice User and Session Slice.
[    8.040354] systemd[1]: Reached target System Time Synchronized.
[[0;32m  OK  [0m] Reached target System Time Synchronized.
[    8.044170] systemd[1]: Set up automount Arbitrary Executable File Formats File System Automount Point.
[[0;32m  OK  [0m] Set up automount Arbitrary Executab…rmats File System Automount Point.
[    8.049176] systemd[1]: Reached target Swap.
[[0;32m  OK  [0m] Reached target Swap.
[[0;32m  OK  [0m] Created slice System Slice.
[[0;32m  OK  [0m] Listening on Syslog Socket.
[[0;32m  OK  [0m] Listening on udev Kernel Socket.
[[0;32m  OK  [0m] Listening on Network Service Netlink Socket.
[[0;32m  OK  [0m] Reached target Slices.
[[0;32m  OK  [0m] Listening on /dev/initctl Compatibility Named Pipe.
[[0;32m  OK  [0m] Listening on Journal Socket.
         Starting Set the console keyboard layout...
         Starting Uncomplicated firewall...
         Mounting Huge Pages File System...
         Starting Remount Root and Kernel File Systems...
[[0;32m  OK  [0m] Listening on LVM2 poll daemon socket.
         Starting Load Kernel Modules...
[    8.176067] EXT4-fs (sda1): re-mounted. Opts: (null)
[[0;32m  OK  [0m] Listening on udev Control Socket.
         Starting udev Coldplug all Devices...
[[0;32m  OK  [0m] Listening on Device-mapper event daemon FIFOs.
[[0;32m  OK  [0m] Listening on Journal Socket (/dev/log).
         Mounting Kernel Debug File System...
         Mounting POSIX Message Queue File System...
[[0;32m  OK  [0m] Listening on Journal Audit Socket.
         Starting Journal Service...
[[0;32m  OK  [0m] Reached target User and Group Name Lookups.
[[0;32m  OK  [0m] Listening on LVM2 metadata daemon socket.
         Starting Monitoring of LVM2 mirrors…ng dmeventd or progress polling...
         Starting Create list of required st…ce nodes for the current kernel...
[[0;32m  OK  [0m] Created slice system-serial\x2dgetty.slice.
[[0;32m  OK  [0m] Started Forward Password Requests to Wall Directory Watch.
[[0;32m  OK  [0m] Started Uncomplicated firewall.
[[0;32m  OK  [0m] Mounted Huge Pages File System.
[    8.237454] Loading iSCSI transport class v2.0-870.
[[0;32m  OK  [0m] Started Remount Root and Kernel File Systems.
[[0;32m  OK  [0m] Mounted Kernel Debug File System.
[[0;32m  OK  [0m] Mounted POSIX Message Queue File System.
         Starting Load/Save Random Seed...
[[0;32m  OK  [0m] Started Load/Save Random Seed.
[    8.366779] iscsi: registered transport (tcp)
[[0;32m  OK  [0m] Started Create list of required sta…vice nodes for the current kernel.
         Starting Create Static Device Nodes in /dev...
[[0;32m  OK  [0m] Started LVM2 metadata daemon.
[[0;32m  OK  [0m] Started Journal Service.
         Starting Flush Journal to Persistent Storage...
[[0;32m  OK  [0m] Started Create Static Device Nodes in /dev.
         Starting udev Kernel Device Manager...
[    8.480071] systemd-journald[423]: Received request to flush runtime journal from PID 1
[[0;32m  OK  [0m] Started udev Coldplug all Devices.
[[0;32m  OK  [0m] Started udev Kernel Device Manager.
[[0;32m  OK  [0m] Started Set the console keyboard layout.
[[0;32m  OK  [0m] Started Dispatch Password Requests to Console Directory Watch.
[[0;32m  OK  [0m] Reached target Local Encrypted Volumes.
[[0;32m  OK  [0m] Started Monitoring of LVM2 mirrors,…sing dmeventd or progress polling.
[[0;32m  OK  [0m] Reached target Local File Systems (Pre).
[[0;32m  OK  [0m] Reached target Local File Systems.
         Starting ebtables ruleset management...
         Starting AppArmor initialization...
         Starting Tell Plymouth To Write Out Runtime Data...
         Starting Set console font and keymap...
         Starting Commit a transient machine-id on disk...
[[0;32m  OK  [0m] Started Flush Journal to Persistent Storage.
         Starting Create Volatile Files and Directories...
[[0;32m  OK  [0m] Started Tell Plymouth To Write Out Runtime Data.
[[0;32m  OK  [0m] Started Set console font and keymap.
[[0;32m  OK  [0m] Started Create Volatile Files and Directories.
         Starting Update UTMP about System Boot/Shutdown...
[    8.715608] iscsi: registered transport (iser)
[[0;32m  OK  [0m] Started Load Kernel Modules.
         Starting Apply Kernel Variables...
         Mounting Kernel Configuration File System...
         Mounting FUSE Control File System...
[[0;32m  OK  [0m] Mounted Kernel Configuration File System.
[[0;32m  OK  [0m] Mounted FUSE Control File System.
[[0;32m  OK  [0m] Started Update UTMP about System Boot/Shutdown.
[[0;32m  OK  [0m] Started Commit a transient machine-id on disk.
[[0;32m  OK  [0m] Started Apply Kernel Variables.
[[0;32m  OK  [0m] Started ebtables ruleset management.
[[0;32m  OK  [0m] Found device /dev/ttyS0.
[[0;32m  OK  [0m] Listening on Load/Save RF Kill Switch Status /dev/rfkill Watch.
[[0;32m  OK  [0m] Started AppArmor initialization.
         Starting Load AppArmor profiles managed internally by snapd...
         Starting Initial cloud-init job (pre-networking)...
[[0;32m  OK  [0m] Started Load AppArmor profiles managed internally by snapd.
[   13.350065] cloud-init[573]: Cloud-init v. 20.4.1-0ubuntu1~18.04.1 running 'init-local' at Thu, 18 Feb 2021 06:41:26 +0000. Up 12.54 seconds.
[[0;32m  OK  [0m] Started Initial cloud-init job (pre-networking).
[[0;32m  OK  [0m] Reached target Network (Pre).
         Starting Network Service...
[[0;32m  OK  [0m] Started Network Service.
         Starting Network Name Resolution...
         Starting Wait for Network to be Configured...
[[0;32m  OK  [0m] Started Network Name Resolution.
[[0;32m  OK  [0m] Reached target Host and Network Name Lookups.
[[0;32m  OK  [0m] Reached target Network.
[[0;32m  OK  [0m] Started Wait for Network to be Configured.
         Starting Initial cloud-init job (metadata service crawler)...
[   16.697129] cloud-init[689]: Cloud-init v. 20.4.1-0ubuntu1~18.04.1 running 'init' at Thu, 18 Feb 2021 06:41:30 +0000. Up 16.37 seconds.
[   16.704088] cloud-init[689]: ci-info: ++++++++++++++++++++++++++++++++++++++Net device info++++++++++++++++++++++++++++++++++++++
[   16.707808] cloud-init[689]: ci-info: +--------+------+----------------------------+---------------+--------+-------------------+
[   16.711028] cloud-init[689]: ci-info: | Device |  Up  |          Address           |      Mask     | Scope  |     Hw-Address    |
[   16.714054] cloud-init[689]: ci-info: +--------+------+----------------------------+---------------+--------+-------------------+
[   16.717972] cloud-init[689]: ci-info: | enp0s3 | True |         10.0.2.15          | 255.255.255.0 | global | 02:54:31:68:18:3c |
[   16.721067] cloud-init[689]: ci-info: | enp0s3 | True | fe80::54:31ff:fe68:183c/64 |       .       |  link  | 02:54:31:68:18:3c |
[   16.723582] cloud-init[689]: ci-info: |   lo   | True |         127.0.0.1          |   255.0.0.0   |  host  |         .         |
[   16.736645] cloud-init[689]: ci-info: |   lo   | True |          ::1/128           |       .       |  host  |         .         |
[   16.739487] cloud-init[689]: ci-info: +--------+------+----------------------------+---------------+--------+-------------------+
[   16.742890] cloud-init[689]: ci-info: ++++++++++++++++++++++++++++Route IPv4 info+++++++++++++++++++++++++++++
[   16.746136] cloud-init[689]: ci-info: +-------+-------------+----------+-----------------+-----------+-------+
[   16.749117] cloud-init[689]: ci-info: | Route | Destination | Gateway  |     Genmask     | Interface | Flags |
[   16.751689] cloud-init[689]: ci-info: +-------+-------------+----------+-----------------+-----------+-------+
[   16.753607] cloud-init[689]: ci-info: |   0   |   0.0.0.0   | 10.0.2.2 |     0.0.0.0     |   enp0s3  |   UG  |
[   16.755614] cloud-init[689]: ci-info: |   1   |   10.0.2.0  | 0.0.0.0  |  255.255.255.0  |   enp0s3  |   U   |
[   16.758746] cloud-init[689]: ci-info: |   2   |   10.0.2.2  | 0.0.0.0  | 255.255.255.255 |   enp0s3  |   UH  |
[   16.762139] cloud-init[689]: ci-info: +-------+-------------+----------+-----------------+-----------+-------+
[   16.776734] cloud-init[689]: ci-info: +++++++++++++++++++Route IPv6 info+++++++++++++++++++
[   16.779071] cloud-init[689]: ci-info: +-------+-------------+---------+-----------+-------+
[   16.781798] cloud-init[689]: ci-info: | Route | Destination | Gateway | Interface | Flags |
[   16.784786] cloud-init[689]: ci-info: +-------+-------------+---------+-----------+-------+
[   16.787270] cloud-init[689]: ci-info: |   1   |  fe80::/64  |    ::   |   enp0s3  |   U   |
[   16.789651] cloud-init[689]: ci-info: |   3   |    local    |    ::   |   enp0s3  |   U   |
[   16.792938] cloud-init[689]: ci-info: |   4   |   ff00::/8  |    ::   |   enp0s3  |   U   |
[   16.795762] cloud-init[689]: ci-info: +-------+-------------+---------+-----------+-------+
[   18.619028] cloud-init[689]: Generating public/private rsa key pair.
[   18.620634] cloud-init[689]: Your identification has been saved in /etc/ssh/ssh_host_rsa_key.
[   18.633685] cloud-init[689]: Your public key has been saved in /etc/ssh/ssh_host_rsa_key.pub.
[   18.635761] cloud-init[689]: The key fingerprint is:
[   18.648415] cloud-init[689]: SHA256:Rny8VG0ZHxkGcgN6wSp64E7BmgaRAy/vozEL9GCRQTA root@ubuntu-bionic
[   18.650810] cloud-init[689]: The key's randomart image is:
[   18.652369] cloud-init[689]: +---[RSA 2048]----+
[   18.653958] cloud-init[689]: |Eo.       .+o=o*o|
[   18.655552] cloud-init[689]: | *o    . ..o+ *o.|
[   18.656819] cloud-init[689]: |.o+ .   o.=. .  .|
[   18.668872] cloud-init[689]: | +.  + o +..     |
[   18.670178] cloud-init[689]: | +o + + S .      |
[   18.671315] cloud-init[689]: |o.o+ + o         |
[   18.684629] cloud-init[689]: |+ +.o .          |
[   18.686387] cloud-init[689]: |.= . .           |
[   18.687641] cloud-init[689]: |o                |
[   18.689310] cloud-init[689]: +----[SHA256]-----+
[   18.690663] cloud-init[689]: Generating public/private dsa key pair.
[   18.692210] cloud-init[689]: Your identification has been saved in /etc/ssh/ssh_host_dsa_key.
[   18.694209] cloud-init[689]: Your public key has been saved in /etc/ssh/ssh_host_dsa_key.pub.
[   18.696470] cloud-init[689]: The key fingerprint is:
[   18.697950] cloud-init[689]: SHA256:rQ56FIapaqstuQrFnvg3y25fVlbIa5cYiVGmcSWxrWY root@ubuntu-bionic
[   18.709154] cloud-init[689]: The key's randomart image is:
[   18.710637] cloud-init[689]: +---[DSA 1024]----+
[   18.714223] cloud-init[689]: |        o.*o.    |
[   18.715509] cloud-init[689]: |         O *     |
[   18.716902] cloud-init[689]: |     o  o * o    |
[   18.718170] cloud-init[689]: | .  o o  . * .   |
[   18.719390] cloud-init[689]: |  o. . .S E o    |
[   18.720758] cloud-init[689]: | +..  .  B .     |
[   18.722108] cloud-init[689]: |ooo  .. +        |
[   18.723487] cloud-init[689]: |=+ .+..=         |
[   18.724771] cloud-init[689]: |B+++==. .        |
[   18.726071] cloud-init[689]: +----[SHA256]-----+
[   18.727375] cloud-init[689]: Generating public/private ecdsa key pair.
[   18.740576] cloud-init[689]: Your identification has been saved in /etc/ssh/ssh_host_ecdsa_key.
[   18.742669] cloud-init[689]: Your public key has been saved in /etc/ssh/ssh_host_ecdsa_key.pub.
[   18.757215] cloud-init[689]: The key fingerprint is:
[   18.758852] cloud-init[689]: SHA256:5nKPC8R24ZK0wos7YrsgyeXKc3rLM7mbx/DTBDn+nMc root@ubuntu-bionic
[   18.761221] cloud-init[689]: The key's randomart image is:
[   18.762675] cloud-init[689]: +---[ECDSA 256]---+
[   18.763878] cloud-init[689]: |                 |
[   18.765008] cloud-init[689]: |                 |
[   18.766329] cloud-init[689]: |      o .        |
[   18.767703] cloud-init[689]: |   . * + .       |
[   18.769044] cloud-init[689]: |   .+ X S        |
[   18.770565] cloud-init[689]: |..oo * *         |
[   18.772308] cloud-init[689]: |+...* B =        |
[   18.773643] cloud-init[689]: |=o+B.= O E       |
[   18.774969] cloud-init[689]: |.BOBB . +..      |
[   18.776361] cloud-init[689]: +----[SHA256]-----+
[   18.777558] cloud-init[689]: Generating public/private ed25519 key pair.
[   18.779446] cloud-init[689]: Your identification has been saved in /etc/ssh/ssh_host_ed25519_key.
[[0;32m  OK  [0m] Started Initial cloud-init job (metadata service crawler).
[   18.793785] cloud-init[[0;32m  OK  [0m] Reached target System Initialization.
[[0;32m  OK  [0m] Started Daily apt download activities.
[[0;32m  OK  [0m] Listening on ACPID Listen Socket.
[[0;32m  OK  [0m] Started Daily Cleanup of Temporary Directories.
[[0;32m  OK  [0m] Listening on D-Bus System Message Bus Socket.
[[0;32m  OK  [0m] Started Daily apt upgrade and clean activities.
[689]: Your public key has been saved in /etc/ssh/ssh_host_ed25519_key.pub.
         Starting Socket activation for snappy daemon.
[[0;32m  OK  [0m] Started Message of the Day.
[[0;32m  OK  [0m] Listening on UUID daemon activation socket.
[   18.806597] cloud-init[689]: The key fingerprint is:
[[0;32m  OK  [0m] Started ACPI Events Check.
[   18.809517] cloud-init[689]: SHA256:+Eqy/7OabJOXiWTXBY4/jHl1bt6xytzadjq6vLJ3jcg root@ubuntu-bionic
[   18.810313] cloud-init[689]: The key's randomart image is:
[   18.811671] cloud-init[689]: +--[ED25519 256]--+
[   18.813642] cloud-init[689]: |                 |
[   18.814389] cloud-init[689]: |          .      |
[   18.815481] cloud-init[689]: |         o .     |
[   18.816885] cloud-init[689]: |       .. . o .  |
[   18.817484] cloud-init[689]: |      . S* o o   |
[   18.818768] cloud-init[689]: |      o.+ *   o. |
[   18.819325] cloud-init[689]: |    .o.+.+ o + +o|
[   18.821175] cloud-init[689]: |     ==o= ..E Bo+|
[   18.821430] cloud-init[689]: |    .o*=oo.+=X==.|
[[   18.821810] cloud-init[689]: +----[SHA256]-----+
[0;32m  OK  [0m] Reached target Paths.
         Starting LXD - unix socket.
[[0;32m  OK  [0m] Listening on Open-iSCSI iscsid Socket.
[[0;32m  OK  [0m] Started Discard unused blocks once a week.
[[0;32m  OK  [0m] Reached target Timers.
[[0;32m  OK  [0m] Reached target Cloud-config availability.
[[0;32m  OK  [0m] Reached target Network is Online.
[[0;32m  OK  [0m] Reached target Remote File Systems (Pre).
[[0;32m  OK  [0m] Reached target Remote File Systems.
         Starting Availability of block devices...
[[0;32m  OK  [0m] Listening on Socket activation for snappy daemon.
[[0;32m  OK  [0m] Listening on LXD - unix socket.
[[0;32m  OK  [0m] Started Availability of block devices.
[[0;32m  OK  [0m] Reached target Sockets.
[[0;32m  OK  [0m] Reached target Basic System.
[[0;32m  OK  [0m] Started irqbalance daemon.
         Starting Accounts Service...
         Starting Login Service...
[[0;32m  OK  [0m] Started Deferred execution scheduler.
         Starting LSB: automatic crash report generation...
         Starting System Logging Service...
         Starting Permit User Sessions...
         Starting LXD - container startup/shutdown...
[[0;32m  OK  [0m] Started D-Bus System Message Bus.
         Starting Pollinate to seed the pseudo random number generator...
         Starting LSB: Record successful boot for GRUB...
         Starting Virtualbox guest utils...
[[0;32m  OK  [0m] Started Regular background program processing daemon.
         Starting Dispatcher daemon for systemd-networkd...
[[0;32m  OK  [0m] Started FUSE filesystem for LXC.
         Starting Snap Daemon...
[[0;32m  OK  [0m] Started System Logging Service.
[[0;32m  OK  [0m] Started Permit User Sessions.
[[0;32m  OK  [0m] Started LXD - container startup/shutdown.
[[0;32m  OK  [0m] Started Login Service.
[[0;32m  OK  [0m] Started Unattended Upgrades Shutdown.
         Starting Authorization Manager...
         Starting Hold until boot process finishes up...
         Starting Terminate Plymouth Boot Screen...
[[0;32m  OK  [0m] Started Hold until boot process finishes up.
         Starting Set console scheme...
[[0;32m  OK  [0m] Started Serial Getty on ttyS0.
[[0;32m  OK  [0m] Started Terminate Plymouth Boot Screen.
[[0;32m  OK  [0m] Started Set console scheme.
[[0;32m  OK  [0m] Created slice system-getty.slice.
[[0;32m  OK  [0m] Started Getty on tty1.
[[0;32m  OK  [0m] Reached target Login Prompts.
[[0;32m  OK  [0m] Started Authorization Manager.
[[0;32m  OK  [0m] Started Accounts Service.
[[0;32m  OK  [0m] Started LSB: automatic crash report generation.
[[0;32m  OK  [0m] Started LSB: Record successful boot for GRUB.
[[0;32m  OK  [0m] Started Virtualbox guest utils.
[[0;32m  OK  [0m] Started Dispatcher daemon for systemd-networkd.
[[0;32m  OK  [0m] Started Snap Daemon.
         Starting Wait until snapd is fully seeded...
[[0;32m  OK  [0m] Started Wait until snapd is fully seeded.
         Starting Apply the settings specified in cloud-config...
[   23.799338] cloud-init[1066]: Cloud-init v. 20.4.1-0ubuntu1~18.04.1 running 'modules:config' at Thu, 18 Feb 2021 06:41:36 +0000. Up 22.57 seconds.
[[0;32m  OK  [0m] Started Apply the settings specified in cloud-config.

Ubuntu 18.04.5 LTS ubuntu-bionic ttyS0

ubuntu-bionic login: ci-info: no authorized SSH keys fingerprints found for user ubuntu.
<14>Feb 18 06:41:41 ec2: 
<14>Feb 18 06:41:41 ec2: #############################################################
<14>Feb 18 06:41:41 ec2: -----BEGIN SSH HOST KEY FINGERPRINTS-----
<14>Feb 18 06:41:41 ec2: 1024 SHA256:rQ56FIapaqstuQrFnvg3y25fVlbIa5cYiVGmcSWxrWY root@ubuntu-bionic (DSA)
<14>Feb 18 06:41:41 ec2: 256 SHA256:5nKPC8R24ZK0wos7YrsgyeXKc3rLM7mbx/DTBDn+nMc root@ubuntu-bionic (ECDSA)
<14>Feb 18 06:41:41 ec2: 256 SHA256:+Eqy/7OabJOXiWTXBY4/jHl1bt6xytzadjq6vLJ3jcg root@ubuntu-bionic (ED25519)
<14>Feb 18 06:41:41 ec2: 2048 SHA256:Rny8VG0ZHxkGcgN6wSp64E7BmgaRAy/vozEL9GCRQTA root@ubuntu-bionic (RSA)
<14>Feb 18 06:41:41 ec2: -----END SSH HOST KEY FINGERPRINTS-----
<14>Feb 18 06:41:41 ec2: #############################################################
-----BEGIN SSH HOST KEY KEYS-----
ecdsa-sha2-nistp256 AAAAE2VjZHNhLXNoYTItbmlzdHAyNTYAAAAIbmlzdHAyNTYAAABBBKPgs9WyyOawNhMdr3sHUCKsvPUaM/EipVMdXtTvgl4+/QxtNL/H1mcVex3CTJqyR0PHRcIk0PpG2UE1JukxazU= root@ubuntu-bionic
ssh-ed25519 AAAAC3NzaC1lZDI1NTE5AAAAIGcyuo4ZJsMCUbvYq65Xkdx/8/ipvGDiO9ACHcsYZtjg root@ubuntu-bionic
ssh-rsa AAAAB3NzaC1yc2EAAAADAQABAAABAQC9iQUCypejl+8sal5F/YPHa8cJ62k62dSbTucu4KRlgkQ6Rm9+UCMYnd5zknN2IBwLWoqSBSRSMAMidEZKcndmxBqtZD5ttXA9PyFnW03IEPlK9pGctP66zhh2i1p/Wyc7/U0g/DcKYXYtUteUi37pAjiGeq/PKfRcqa2mYfZ6IlmmW2BxJP5Tn2dXyFz2Lom0pD6V5MP36C9vjITxvQtSrQV3Pv1ucG6dcmtl7/j6Nwhued20O/rrQ6QJsQ7b6TXgN/Z6T9aug7hS7phohhdb0MaBLf0G3xV4aMcOFEphl9xWUiSPhuyeJeTjx137uIlHpOnaou3Lf07XBRAL0ypn root@ubuntu-bionic
-----END SSH HOST KEY KEYS-----
[   27.647853] cloud-init[1155]: Cloud-init v. 20.4.1-0ubuntu1~18.04.1 running 'modules:final' at Thu, 18 Feb 2021 06:41:41 +0000. Up 27.24 seconds.
[   27.648471] cloud-init[1155]: ci-info: no authorized SSH keys fingerprints found for user ubuntu.
[   27.650753] cloud-init[1155]: Cloud-init v. 20.4.1-0ubuntu1~18.04.1 finished at Thu, 18 Feb 2021 06:41:41 +0000. Datasource DataSourceNoCloud [seed=/dev/sdb][dsmode=net].  Up 27.62 seconds
